<?xml version="1.0" encoding="UTF-8"?>
<testng-results ignored="0" total="0" passed="0" failed="0" skipped="0">
  <reporter-output>
  </reporter-output>
  <suite started-at="2023-10-30T21:49:59 COT" name="Surefire suite" finished-at="2023-10-30T21:50:00 COT" duration-ms="269">
    <groups>
    </groups>
    <test started-at="2023-10-30T21:49:59 COT" name="Surefire test" finished-at="2023-10-30T21:50:00 COT" duration-ms="269">
    </test> <!-- Surefire test -->
  </suite> <!-- Surefire suite -->
</testng-results>
